t=2021-07-16T00:14:32+0500 lvl=info msg="Shutdown started" logger=server reason="System signal: interrupt"
t=2021-07-16T00:14:44+0500 lvl=info msg="Starting Grafana" logger=server version=8.1.0-27148pre commit=91751d7e38 branch=main compiled=2021-06-29T16:17:02+0500
t=2021-07-16T00:14:44+0500 lvl=info msg="Config loaded from" logger=settings file="C:\\Program Files\\GrafanaLabs\\grafana/conf/defaults.ini"
t=2021-07-16T00:14:44+0500 lvl=info msg="Path Home" logger=settings path="C:\\Program Files\\GrafanaLabs\\grafana"
t=2021-07-16T00:14:44+0500 lvl=info msg="Path Data" logger=settings path="C:\\Program Files\\GrafanaLabs\\grafana\\data"
t=2021-07-16T00:14:44+0500 lvl=info msg="Path Logs" logger=settings path="C:\\Program Files\\GrafanaLabs\\grafana\\data\\log"
t=2021-07-16T00:14:44+0500 lvl=info msg="Path Plugins" logger=settings path="C:\\Program Files\\GrafanaLabs\\grafana\\data\\plugins"
t=2021-07-16T00:14:44+0500 lvl=info msg="Path Provisioning" logger=settings path="C:\\Program Files\\GrafanaLabs\\grafana\\conf\\provisioning"
t=2021-07-16T00:14:44+0500 lvl=info msg="App mode production" logger=settings
t=2021-07-16T00:14:44+0500 lvl=info msg="Connecting to DB" logger=sqlstore dbtype=sqlite3
t=2021-07-16T00:14:44+0500 lvl=warn msg="SQLite database file has broader permissions than it should" logger=sqlstore path="C:\\Program Files\\GrafanaLabs\\grafana\\data\\grafana.db" mode=-rw-rw-rw- expected=-rw-r-----
t=2021-07-16T00:14:44+0500 lvl=info msg="Starting DB migrations" logger=migrator
t=2021-07-16T00:14:44+0500 lvl=info msg="migrations completed" logger=migrator performed=0 skipped=330 duration=1.9988ms
t=2021-07-16T00:14:44+0500 lvl=info msg="Starting plugin search" logger=plugins
t=2021-07-16T00:14:48+0500 lvl=info msg="Registering plugin" logger=plugins id=input
t=2021-07-16T00:14:48+0500 lvl=info msg="Registering plugin" logger=plugins id=grafana-plugin-admin-app
t=2021-07-16T00:14:48+0500 lvl=info msg="Registering plugin" logger=plugins id=yesoreyeram-boomtheme-panel
t=2021-07-16T00:14:49+0500 lvl=info msg="Live Push Gateway initialization" logger=live.push_http
t=2021-07-16T00:14:49+0500 lvl=info msg="HTTP Server Listen" logger=http.server address=[::]:3000 protocol=http subUrl= socket=
t=2021-07-16T00:26:02+0500 lvl=info msg="Shutdown started" logger=server reason="System signal: interrupt"
t=2021-07-16T00:26:06+0500 lvl=info msg="Starting Grafana" logger=server version=8.1.0-27148pre commit=91751d7e38 branch=main compiled=2021-06-29T16:17:02+0500
t=2021-07-16T00:26:06+0500 lvl=info msg="Config loaded from" logger=settings file="C:\\Program Files\\GrafanaLabs\\grafana/conf/defaults.ini"
t=2021-07-16T00:26:06+0500 lvl=info msg="Path Home" logger=settings path="C:\\Program Files\\GrafanaLabs\\grafana"
t=2021-07-16T00:26:06+0500 lvl=info msg="Path Data" logger=settings path="C:\\Program Files\\GrafanaLabs\\grafana\\data"
t=2021-07-16T00:26:06+0500 lvl=info msg="Path Logs" logger=settings path="C:\\Program Files\\GrafanaLabs\\grafana\\data\\log"
t=2021-07-16T00:26:06+0500 lvl=info msg="Path Plugins" logger=settings path="C:\\Program Files\\GrafanaLabs\\grafana\\data\\plugins"
t=2021-07-16T00:26:06+0500 lvl=info msg="Path Provisioning" logger=settings path="C:\\Program Files\\GrafanaLabs\\grafana\\conf\\provisioning"
t=2021-07-16T00:26:06+0500 lvl=info msg="App mode production" logger=settings
t=2021-07-16T00:26:06+0500 lvl=info msg="Connecting to DB" logger=sqlstore dbtype=sqlite3
t=2021-07-16T00:26:06+0500 lvl=warn msg="SQLite database file has broader permissions than it should" logger=sqlstore path="C:\\Program Files\\GrafanaLabs\\grafana\\data\\grafana.db" mode=-rw-rw-rw- expected=-rw-r-----
t=2021-07-16T00:26:06+0500 lvl=info msg="Starting DB migrations" logger=migrator
t=2021-07-16T00:26:06+0500 lvl=info msg="migrations completed" logger=migrator performed=0 skipped=330 duration=999.2µs
t=2021-07-16T00:26:06+0500 lvl=info msg="Starting plugin search" logger=plugins
t=2021-07-16T00:26:07+0500 lvl=info msg="Registering plugin" logger=plugins id=grafana-plugin-admin-app
t=2021-07-16T00:26:07+0500 lvl=info msg="Registering plugin" logger=plugins id=input
t=2021-07-16T00:26:07+0500 lvl=info msg="Registering plugin" logger=plugins id=yesoreyeram-boomtheme-panel
t=2021-07-16T00:26:07+0500 lvl=info msg="Live Push Gateway initialization" logger=live.push_http
t=2021-07-16T00:26:07+0500 lvl=info msg="HTTP Server Listen" logger=http.server address=[::]:3000 protocol=http subUrl= socket=
t=2021-07-16T00:34:01+0500 lvl=info msg="Successful Login" logger=http.server User=admin@localhost
t=2021-07-16T00:34:03+0500 lvl=info msg="Request Completed" logger=context userId=1 orgId=1 uname=admin method=GET path=/api/live/ws status=0 remote_addr=[::1] time_ms=5 size=0 referer=
t=2021-07-16T00:39:07+0500 lvl=info msg="Shutdown started" logger=server reason="System signal: interrupt"
t=2021-07-16T00:39:11+0500 lvl=info msg="Starting Grafana" logger=server version=8.1.0-27148pre commit=91751d7e38 branch=main compiled=2021-06-29T16:17:02+0500
t=2021-07-16T00:39:11+0500 lvl=info msg="Config loaded from" logger=settings file="C:\\Program Files\\GrafanaLabs\\grafana/conf/defaults.ini"
t=2021-07-16T00:39:11+0500 lvl=info msg="Path Home" logger=settings path="C:\\Program Files\\GrafanaLabs\\grafana"
t=2021-07-16T00:39:11+0500 lvl=info msg="Path Data" logger=settings path="C:\\Program Files\\GrafanaLabs\\grafana\\data"
t=2021-07-16T00:39:11+0500 lvl=info msg="Path Logs" logger=settings path="C:\\Program Files\\GrafanaLabs\\grafana\\data\\log"
t=2021-07-16T00:39:11+0500 lvl=info msg="Path Plugins" logger=settings path="C:\\Program Files\\GrafanaLabs\\grafana\\data\\plugins"
t=2021-07-16T00:39:11+0500 lvl=info msg="Path Provisioning" logger=settings path="C:\\Program Files\\GrafanaLabs\\grafana\\conf\\provisioning"
t=2021-07-16T00:39:11+0500 lvl=info msg="App mode production" logger=settings
t=2021-07-16T00:39:11+0500 lvl=info msg="Connecting to DB" logger=sqlstore dbtype=sqlite3
t=2021-07-16T00:39:11+0500 lvl=warn msg="SQLite database file has broader permissions than it should" logger=sqlstore path="C:\\Program Files\\GrafanaLabs\\grafana\\data\\grafana.db" mode=-rw-rw-rw- expected=-rw-r-----
t=2021-07-16T00:39:11+0500 lvl=info msg="Starting DB migrations" logger=migrator
t=2021-07-16T00:39:11+0500 lvl=info msg="migrations completed" logger=migrator performed=0 skipped=330 duration=1.6733ms
t=2021-07-16T00:39:11+0500 lvl=info msg="Starting plugin search" logger=plugins
t=2021-07-16T00:39:11+0500 lvl=info msg="Registering plugin" logger=plugins id=grafana-plugin-admin-app
t=2021-07-16T00:39:11+0500 lvl=info msg="Registering plugin" logger=plugins id=input
t=2021-07-16T00:39:11+0500 lvl=info msg="Registering plugin" logger=plugins id=yesoreyeram-boomtheme-panel
t=2021-07-16T00:39:11+0500 lvl=info msg="Live Push Gateway initialization" logger=live.push_http
t=2021-07-16T00:39:11+0500 lvl=info msg="HTTP Server Listen" logger=http.server address=[::]:3000 protocol=http subUrl= socket=
t=2021-07-16T00:39:15+0500 lvl=info msg="Request Completed" logger=context userId=1 orgId=1 uname=admin method=GET path=/api/live/ws status=0 remote_addr=[::1] time_ms=771 size=0 referer=
t=2021-07-16T00:40:20+0500 lvl=info msg="Request Completed" logger=context userId=1 orgId=1 uname=admin method=GET path=/api/live/ws status=0 remote_addr=[::1] time_ms=2 size=0 referer=
t=2021-07-16T00:40:38+0500 lvl=info msg="Request Completed" logger=context userId=1 orgId=1 uname=admin method=GET path=/api/live/ws status=0 remote_addr=[::1] time_ms=2 size=0 referer=
t=2021-07-16T10:23:44+0500 lvl=eror msg="failed to run garbage collect" logger=remotecache.database error="database is locked"
t=2021-07-16T10:23:44+0500 lvl=info msg="Database locked, sleeping then retrying" logger=sqlstore error="database is locked" retry=0
